[2018-11-13T13:00:27.241] [ERROR] access - Something went wrong: { status: 404 }
[2018-11-13T13:00:27.591] [ERROR] access - ::1 - - "GET /favicon.ico HTTP/1.1" 404 519 "http://localhost:8080/" "Mozilla/5.0 (X11; Linux x86_64) AppleWebKit/537.36 (KHTML, like Gecko) Chrome/70.0.3538.77 Safari/537.36"
[2018-11-13T13:01:05.444] [ERROR] access - Something went wrong: { path: '/home/cjones/dev/personal/node/app1/src/views/page2.pug' }
[2018-11-13T13:01:05.526] [ERROR] access - ::1 - - "GET /page2 HTTP/1.1" 500 780 "http://localhost:8080/page1" "Mozilla/5.0 (X11; Linux x86_64) AppleWebKit/537.36 (KHTML, like Gecko) Chrome/70.0.3538.77 Safari/537.36"
[2018-11-13T13:02:29.317] [ERROR] access - Something went wrong: { path: '/home/cjones/dev/personal/node/app1/src/views/page2.pug' }
[2018-11-13T13:02:29.357] [ERROR] access - ::1 - - "GET /page2 HTTP/1.1" 500 780 "http://localhost:8080/page1" "Mozilla/5.0 (X11; Linux x86_64) AppleWebKit/537.36 (KHTML, like Gecko) Chrome/70.0.3538.77 Safari/537.36"
[2018-11-13T13:03:03.895] [ERROR] access - Something went wrong: { path: '/home/cjones/dev/personal/node/app1/src/views/page2.pug' }
[2018-11-13T13:03:03.988] [ERROR] access - ::1 - - "GET /page2 HTTP/1.1" 500 780 "http://localhost:8080/page1" "Mozilla/5.0 (X11; Linux x86_64) AppleWebKit/537.36 (KHTML, like Gecko) Chrome/70.0.3538.77 Safari/537.36"
[2018-11-13T13:04:14.865] [ERROR] access - Something went wrong: { path: '/home/cjones/dev/personal/node/app1/src/views/page2.pug' }
[2018-11-13T13:04:14.971] [ERROR] access - ::1 - - "GET /page2 HTTP/1.1" 500 780 "http://localhost:8080/page1" "Mozilla/5.0 (X11; Linux x86_64) AppleWebKit/537.36 (KHTML, like Gecko) Chrome/70.0.3538.77 Safari/537.36"
[2019-10-17T10:51:57.167] [ERROR] access - Something went wrong: { TypeError: /home/cjones/dev/docker/simple_node/src/views/page2.pug:8
    6|   table
    7|       tr
  > 8|         td= widget.id
    9|         td
    10|           a(href='/widgets/'+widget.id) #{widget.name}
    11|         td= widget.desc

Cannot read property 'id' of undefined
    at eval (eval at wrap (/home/cjones/dev/docker/simple_node/node_modules/pug-runtime/wrap.js:6:10), <anonymous>:72:64)
    at template (eval at wrap (/home/cjones/dev/docker/simple_node/node_modules/pug-runtime/wrap.js:6:10), <anonymous>:86:204)
    at Object.exports.renderFile (/home/cjones/dev/docker/simple_node/node_modules/pug/lib/index.js:427:38)
    at Object.exports.renderFile (/home/cjones/dev/docker/simple_node/node_modules/pug/lib/index.js:417:21)
    at View.exports.__express [as engine] (/home/cjones/dev/docker/simple_node/node_modules/pug/lib/index.js:464:11)
    at View.render (/home/cjones/dev/docker/simple_node/node_modules/express/lib/view.js:135:8)
    at tryRender (/home/cjones/dev/docker/simple_node/node_modules/express/lib/application.js:640:10)
    at Function.render (/home/cjones/dev/docker/simple_node/node_modules/express/lib/application.js:592:3)
    at ServerResponse.render (/home/cjones/dev/docker/simple_node/node_modules/express/lib/response.js:1008:7)
    at /home/cjones/dev/docker/simple_node/src/routes/widgets.js:37:9
  path: '/home/cjones/dev/docker/simple_node/src/views/page2.pug' }
[2019-10-17T10:51:57.191] [ERROR] access - ::1 - - "GET /page2 HTTP/1.1" 500 780 "http://localhost:8080/page1" "Mozilla/5.0 (X11; Linux x86_64; rv:60.0) Gecko/20100101 Firefox/60.0"
[2019-10-17T11:15:59.242] [ERROR] access - Something went wrong: ReferenceError: log is not defined
    at /home/cjones/dev/docker/simple-node/src/routes/widgets.js:22:5
    at Layer.handle [as handle_request] (/home/cjones/dev/docker/simple-node/node_modules/express/lib/router/layer.js:95:5)
    at next (/home/cjones/dev/docker/simple-node/node_modules/express/lib/router/route.js:137:13)
    at Route.dispatch (/home/cjones/dev/docker/simple-node/node_modules/express/lib/router/route.js:112:3)
    at Layer.handle [as handle_request] (/home/cjones/dev/docker/simple-node/node_modules/express/lib/router/layer.js:95:5)
    at /home/cjones/dev/docker/simple-node/node_modules/express/lib/router/index.js:281:22
    at Function.process_params (/home/cjones/dev/docker/simple-node/node_modules/express/lib/router/index.js:335:12)
    at next (/home/cjones/dev/docker/simple-node/node_modules/express/lib/router/index.js:275:10)
    at Function.handle (/home/cjones/dev/docker/simple-node/node_modules/express/lib/router/index.js:174:3)
    at router (/home/cjones/dev/docker/simple-node/node_modules/express/lib/router/index.js:47:12)
[2019-10-17T11:15:59.265] [ERROR] access - ::1 - - "POST /page2 HTTP/1.1" 500 525 "http://localhost:8080/page1" "Mozilla/5.0 (X11; Linux x86_64; rv:60.0) Gecko/20100101 Firefox/60.0"
[2019-10-17T11:18:15.679] [ERROR] default - error... looking up symbol :  HSBC.L
[2019-10-17T11:18:36.273] [ERROR] default - error... looking up symbol :  HSBC.L
[2019-10-17T11:18:59.055] [ERROR] default - error... looking up symbol :  APPL
[2019-10-17T11:21:15.143] [ERROR] access - Something went wrong: { TypeError: /home/cjones/dev/docker/simple-node/src/views/page2.pug:8
    6|   table
    7|       tr
  > 8|         td= widget.id
    9|         td
    10|           a(href='/widgets/'+widget.id) #{widget.name}
    11|         td= widget.desc

Cannot read property 'id' of undefined
    at eval (eval at wrap (/home/cjones/dev/docker/simple-node/node_modules/pug-runtime/wrap.js:6:10), <anonymous>:72:64)
    at template (eval at wrap (/home/cjones/dev/docker/simple-node/node_modules/pug-runtime/wrap.js:6:10), <anonymous>:86:204)
    at Object.exports.renderFile (/home/cjones/dev/docker/simple-node/node_modules/pug/lib/index.js:427:38)
    at Object.exports.renderFile (/home/cjones/dev/docker/simple-node/node_modules/pug/lib/index.js:417:21)
    at View.exports.__express [as engine] (/home/cjones/dev/docker/simple-node/node_modules/pug/lib/index.js:464:11)
    at View.render (/home/cjones/dev/docker/simple-node/node_modules/express/lib/view.js:135:8)
    at tryRender (/home/cjones/dev/docker/simple-node/node_modules/express/lib/application.js:640:10)
    at Function.render (/home/cjones/dev/docker/simple-node/node_modules/express/lib/application.js:592:3)
    at ServerResponse.render (/home/cjones/dev/docker/simple-node/node_modules/express/lib/response.js:1008:7)
    at /home/cjones/dev/docker/simple-node/src/routes/widgets.js:37:9
  path: '/home/cjones/dev/docker/simple-node/src/views/page2.pug' }
[2019-10-17T11:21:15.162] [ERROR] access - ::1 - - "GET /page2 HTTP/1.1" 500 780 "" "Mozilla/5.0 (X11; Linux x86_64; rv:60.0) Gecko/20100101 Firefox/60.0"
[2019-10-17T11:22:25.568] [ERROR] access - Something went wrong: TypeError: repo.getWidgets is not a function
    at /home/cjones/dev/docker/simple-node/src/routes/widget_rest.js:13:10
    at Layer.handle [as handle_request] (/home/cjones/dev/docker/simple-node/node_modules/express/lib/router/layer.js:95:5)
    at next (/home/cjones/dev/docker/simple-node/node_modules/express/lib/router/route.js:137:13)
    at Route.dispatch (/home/cjones/dev/docker/simple-node/node_modules/express/lib/router/route.js:112:3)
    at Layer.handle [as handle_request] (/home/cjones/dev/docker/simple-node/node_modules/express/lib/router/layer.js:95:5)
    at /home/cjones/dev/docker/simple-node/node_modules/express/lib/router/index.js:281:22
    at Function.process_params (/home/cjones/dev/docker/simple-node/node_modules/express/lib/router/index.js:335:12)
    at next (/home/cjones/dev/docker/simple-node/node_modules/express/lib/router/index.js:275:10)
    at Function.handle (/home/cjones/dev/docker/simple-node/node_modules/express/lib/router/index.js:174:3)
    at router (/home/cjones/dev/docker/simple-node/node_modules/express/lib/router/index.js:47:12)
[2019-10-17T11:22:25.583] [ERROR] access - ::1 - - "GET /rest/widgets HTTP/1.1" 500 540 "" "Mozilla/5.0 (X11; Linux x86_64; rv:60.0) Gecko/20100101 Firefox/60.0"
[2019-10-17T11:42:53.961] [ERROR] access - Something went wrong: ReferenceError: db is not defined
    at /home/cjones/dev/docker/simple-node/src/routes/widget_rest.js:23:31
    at Layer.handle [as handle_request] (/home/cjones/dev/docker/simple-node/node_modules/express/lib/router/layer.js:95:5)
    at next (/home/cjones/dev/docker/simple-node/node_modules/express/lib/router/route.js:137:13)
    at Route.dispatch (/home/cjones/dev/docker/simple-node/node_modules/express/lib/router/route.js:112:3)
    at Layer.handle [as handle_request] (/home/cjones/dev/docker/simple-node/node_modules/express/lib/router/layer.js:95:5)
    at /home/cjones/dev/docker/simple-node/node_modules/express/lib/router/index.js:281:22
    at param (/home/cjones/dev/docker/simple-node/node_modules/express/lib/router/index.js:354:14)
    at param (/home/cjones/dev/docker/simple-node/node_modules/express/lib/router/index.js:365:14)
    at Function.process_params (/home/cjones/dev/docker/simple-node/node_modules/express/lib/router/index.js:410:3)
    at next (/home/cjones/dev/docker/simple-node/node_modules/express/lib/router/index.js:275:10)
[2019-10-17T11:42:54.361] [ERROR] access - ::1 - - "GET /rest/widgets/1 HTTP/1.1" 500 524 "" "Mozilla/5.0 (X11; Linux x86_64; rv:60.0) Gecko/20100101 Firefox/60.0"
[2019-10-17T11:43:55.762] [ERROR] access - Something went wrong: TypeError: repo.getWidget is not a function
    at /home/cjones/dev/docker/simple-node/src/routes/widget_rest.js:23:10
    at Layer.handle [as handle_request] (/home/cjones/dev/docker/simple-node/node_modules/express/lib/router/layer.js:95:5)
    at next (/home/cjones/dev/docker/simple-node/node_modules/express/lib/router/route.js:137:13)
    at Route.dispatch (/home/cjones/dev/docker/simple-node/node_modules/express/lib/router/route.js:112:3)
    at Layer.handle [as handle_request] (/home/cjones/dev/docker/simple-node/node_modules/express/lib/router/layer.js:95:5)
    at /home/cjones/dev/docker/simple-node/node_modules/express/lib/router/index.js:281:22
    at param (/home/cjones/dev/docker/simple-node/node_modules/express/lib/router/index.js:354:14)
    at param (/home/cjones/dev/docker/simple-node/node_modules/express/lib/router/index.js:365:14)
    at Function.process_params (/home/cjones/dev/docker/simple-node/node_modules/express/lib/router/index.js:410:3)
    at next (/home/cjones/dev/docker/simple-node/node_modules/express/lib/router/index.js:275:10)
[2019-10-17T11:43:56.004] [ERROR] access - ::1 - - "GET /rest/widgets/1 HTTP/1.1" 500 539 "" "Mozilla/5.0 (X11; Linux x86_64; rv:60.0) Gecko/20100101 Firefox/60.0"
[2019-10-17T17:27:51.370] [ERROR] access - Something went wrong: TypeError: /app/src/views/page2.pug:8
    6|   table
    7|       tr
  > 8|         td= widget.id
    9|         td
    10|           a(href='/widgets/'+widget.id) #{widget.name}
    11|         td= widget.desc

Cannot read property 'id' of undefined
    at eval (eval at wrap (/app/node_modules/pug-runtime/wrap.js:6:10), <anonymous>:72:64)
    at template (eval at wrap (/app/node_modules/pug-runtime/wrap.js:6:10), <anonymous>:86:204)
    at Object.exports.renderFile (/app/node_modules/pug/lib/index.js:427:38)
    at Object.exports.renderFile (/app/node_modules/pug/lib/index.js:417:21)
    at View.exports.__express [as engine] (/app/node_modules/pug/lib/index.js:464:11)
    at View.render (/app/node_modules/express/lib/view.js:135:8)
    at tryRender (/app/node_modules/express/lib/application.js:640:10)
    at Function.render (/app/node_modules/express/lib/application.js:592:3)
    at ServerResponse.render (/app/node_modules/express/lib/response.js:1008:7)
    at /app/src/routes/widgets.js:37:9 {
  path: '/app/src/views/page2.pug'
}
[2019-10-17T17:27:51.391] [ERROR] access - ::ffff:172.19.0.1 - - "GET /page2 HTTP/1.1" 500 749 "http://localhost:8080/" "Mozilla/5.0 (X11; Linux x86_64; rv:60.0) Gecko/20100101 Firefox/60.0"
[2019-10-17T17:28:57.846] [ERROR] access - Something went wrong: Error: Not Found
    at /app/src/app.js:38:15
    at Layer.handle [as handle_request] (/app/node_modules/express/lib/router/layer.js:95:5)
    at trim_prefix (/app/node_modules/express/lib/router/index.js:317:13)
    at /app/node_modules/express/lib/router/index.js:284:7
    at Function.process_params (/app/node_modules/express/lib/router/index.js:335:12)
    at next (/app/node_modules/express/lib/router/index.js:275:10)
    at /app/node_modules/express/lib/router/index.js:635:15
    at next (/app/node_modules/express/lib/router/index.js:260:14)
    at Function.handle (/app/node_modules/express/lib/router/index.js:174:3)
    at router (/app/node_modules/express/lib/router/index.js:47:12) {
  status: 404
}
[2019-10-17T17:28:57.870] [ERROR] access - ::ffff:172.19.0.1 - - "GET /page3 HTTP/1.1" 404 519 "" "Mozilla/5.0 (X11; Linux x86_64; rv:60.0) Gecko/20100101 Firefox/60.0"
[2019-10-17T17:32:36.536] [ERROR] access - Something went wrong: Error: Not Found
    at /app/src/app.js:38:15
    at Layer.handle [as handle_request] (/app/node_modules/express/lib/router/layer.js:95:5)
    at trim_prefix (/app/node_modules/express/lib/router/index.js:317:13)
    at /app/node_modules/express/lib/router/index.js:284:7
    at Function.process_params (/app/node_modules/express/lib/router/index.js:335:12)
    at next (/app/node_modules/express/lib/router/index.js:275:10)
    at /app/node_modules/express/lib/router/index.js:635:15
    at next (/app/node_modules/express/lib/router/index.js:260:14)
    at Function.handle (/app/node_modules/express/lib/router/index.js:174:3)
    at router (/app/node_modules/express/lib/router/index.js:47:12) {
  status: 404
}
[2019-10-17T17:32:36.770] [ERROR] access - ::ffff:172.19.0.1 - - "GET /page3 HTTP/1.1" 404 519 "" "Mozilla/5.0 (X11; Linux x86_64; rv:60.0) Gecko/20100101 Firefox/60.0"
[2019-10-17T17:32:51.658] [ERROR] access - Something went wrong: TypeError: /app/src/views/page2.pug:8
    6|   table
    7|       tr
  > 8|         td= widget.id
    9|         td
    10|           a(href='/widgets/'+widget.id) #{widget.name}
    11|         td= widget.desc

Cannot read property 'id' of undefined
    at eval (eval at wrap (/app/node_modules/pug-runtime/wrap.js:6:10), <anonymous>:72:64)
    at template (eval at wrap (/app/node_modules/pug-runtime/wrap.js:6:10), <anonymous>:86:204)
    at Object.exports.renderFile (/app/node_modules/pug/lib/index.js:427:38)
    at Object.exports.renderFile (/app/node_modules/pug/lib/index.js:417:21)
    at View.exports.__express [as engine] (/app/node_modules/pug/lib/index.js:464:11)
    at View.render (/app/node_modules/express/lib/view.js:135:8)
    at tryRender (/app/node_modules/express/lib/application.js:640:10)
    at Function.render (/app/node_modules/express/lib/application.js:592:3)
    at ServerResponse.render (/app/node_modules/express/lib/response.js:1008:7)
    at /app/src/routes/widgets.js:38:9 {
  path: '/app/src/views/page2.pug'
}
[2019-10-17T17:32:51.676] [ERROR] access - ::ffff:172.19.0.1 - - "GET /page2 HTTP/1.1" 500 749 "http://localhost:8080/page1" "Mozilla/5.0 (X11; Linux x86_64; rv:60.0) Gecko/20100101 Firefox/60.0"
[2019-10-17T17:57:42.634] [ERROR] access - Something went wrong: {
  code: 'PUG:NO_END_BRACKET',
  msg: 'The end of the string reached with no closing bracket ) found.',
  line: 16,
  column: 1,
  filename: '/app/src/views/index.pug'
}
[2019-10-17T17:57:42.678] [ERROR] access - ::ffff:172.19.0.1 - - "GET / HTTP/1.1" 500 661 "" "Mozilla/5.0 (X11; Linux x86_64; rv:60.0) Gecko/20100101 Firefox/60.0"
[2019-10-17T17:58:40.844] [ERROR] access - Something went wrong: TypeError: /app/src/views/index.pug:12
    10|       td='/rest/widgets'
    11|       td
  > 12|         a(href='/rest/widgets/') #{widget.name}
    13| 
    14|  
    15|   block more_content

Cannot read property 'name' of undefined
    at eval (eval at wrap (/app/node_modules/pug-runtime/wrap.js:6:10), <anonymous>:77:64)
    at template (eval at wrap (/app/node_modules/pug-runtime/wrap.js:6:10), <anonymous>:79:72)
    at Object.exports.renderFile (/app/node_modules/pug/lib/index.js:427:38)
    at Object.exports.renderFile (/app/node_modules/pug/lib/index.js:417:21)
    at View.exports.__express [as engine] (/app/node_modules/pug/lib/index.js:464:11)
    at View.render (/app/node_modules/express/lib/view.js:135:8)
    at tryRender (/app/node_modules/express/lib/application.js:640:10)
    at Function.render (/app/node_modules/express/lib/application.js:592:3)
    at ServerResponse.render (/app/node_modules/express/lib/response.js:1008:7)
    at /app/src/routes/widgets.js:14:9 {
  path: '/app/src/views/index.pug'
}
[2019-10-17T17:58:40.867] [ERROR] access - ::ffff:172.19.0.1 - - "GET / HTTP/1.1" 500 733 "" "Mozilla/5.0 (X11; Linux x86_64; rv:60.0) Gecko/20100101 Firefox/60.0"
[2019-10-17T18:12:45.473] [ERROR] access - Something went wrong: TypeError: /app/src/views/page2.pug:8
    6|   table
    7|       tr
  > 8|         td= widget.id
    9|         td
    10|           a(href='/widgets/'+widget.id) #{widget.name}
    11|         td= widget.desc

Cannot read property 'id' of undefined
    at eval (eval at wrap (/app/node_modules/pug-runtime/wrap.js:6:10), <anonymous>:122:64)
    at template (eval at wrap (/app/node_modules/pug-runtime/wrap.js:6:10), <anonymous>:136:204)
    at Object.exports.renderFile (/app/node_modules/pug/lib/index.js:427:38)
    at Object.exports.renderFile (/app/node_modules/pug/lib/index.js:417:21)
    at View.exports.__express [as engine] (/app/node_modules/pug/lib/index.js:464:11)
    at View.render (/app/node_modules/express/lib/view.js:135:8)
    at tryRender (/app/node_modules/express/lib/application.js:640:10)
    at Function.render (/app/node_modules/express/lib/application.js:592:3)
    at ServerResponse.render (/app/node_modules/express/lib/response.js:1008:7)
    at /app/src/routes/widgets.js:38:9 {
  path: '/app/src/views/page2.pug'
}
[2019-10-17T18:12:45.486] [ERROR] access - ::ffff:172.19.0.1 - - "GET /page2 HTTP/1.1" 500 749 "http://localhost:8080/page1" "Mozilla/5.0 (X11; Linux x86_64; rv:60.0) Gecko/20100101 Firefox/60.0"
[2019-10-17T18:12:49.460] [ERROR] access - Something went wrong: TypeError: /app/src/views/page2.pug:8
    6|   table
    7|       tr
  > 8|         td= widget.id
    9|         td
    10|           a(href='/widgets/'+widget.id) #{widget.name}
    11|         td= widget.desc

Cannot read property 'id' of undefined
    at eval (eval at wrap (/app/node_modules/pug-runtime/wrap.js:6:10), <anonymous>:122:64)
    at template (eval at wrap (/app/node_modules/pug-runtime/wrap.js:6:10), <anonymous>:136:204)
    at Object.exports.renderFile (/app/node_modules/pug/lib/index.js:427:38)
    at Object.exports.renderFile (/app/node_modules/pug/lib/index.js:417:21)
    at View.exports.__express [as engine] (/app/node_modules/pug/lib/index.js:464:11)
    at View.render (/app/node_modules/express/lib/view.js:135:8)
    at tryRender (/app/node_modules/express/lib/application.js:640:10)
    at Function.render (/app/node_modules/express/lib/application.js:592:3)
    at ServerResponse.render (/app/node_modules/express/lib/response.js:1008:7)
    at /app/src/routes/widgets.js:38:9 {
  path: '/app/src/views/page2.pug'
}
[2019-10-17T18:12:49.480] [ERROR] access - ::ffff:172.19.0.1 - - "GET /page2 HTTP/1.1" 500 749 "http://localhost:8080/page1" "Mozilla/5.0 (X11; Linux x86_64; rv:60.0) Gecko/20100101 Firefox/60.0"
[2019-10-17T18:13:26.264] [ERROR] default - error... looking up symbol :  APPL
[2019-10-17T18:14:12.129] [ERROR] default - error... looking up symbol :  APPL
[2019-10-17T18:16:12.138] [ERROR] default - error... looking up symbol :  APPL
[2019-10-17T18:33:51.363] [ERROR] default - error... looking up symbol :  HSBC.L
[2019-10-17T18:33:51.634] [ERROR] access - Something went wrong: TypeError: /app/src/views/page2.pug:8
    6|   table
    7|       tr
  > 8|         td= widget.id
    9|         td
    10|           a(href='/widgets/'+widget.id) #{widget.name}
    11|         td= widget.desc

Cannot read property 'id' of undefined
    at eval (eval at wrap (/app/node_modules/pug-runtime/wrap.js:6:10), <anonymous>:122:64)
    at template (eval at wrap (/app/node_modules/pug-runtime/wrap.js:6:10), <anonymous>:136:204)
    at Object.exports.renderFile (/app/node_modules/pug/lib/index.js:427:38)
    at Object.exports.renderFile (/app/node_modules/pug/lib/index.js:417:21)
    at View.exports.__express [as engine] (/app/node_modules/pug/lib/index.js:464:11)
    at View.render (/app/node_modules/express/lib/view.js:135:8)
    at tryRender (/app/node_modules/express/lib/application.js:640:10)
    at Function.render (/app/node_modules/express/lib/application.js:592:3)
    at ServerResponse.render (/app/node_modules/express/lib/response.js:1008:7)
    at Request._callback (/app/src/routes/widgets.js:36:15) {
  path: '/app/src/views/page2.pug'
}
[2019-10-17T18:33:51.654] [ERROR] access - ::ffff:172.19.0.1 - - "POST /page2 HTTP/1.1" 500 749 "http://localhost:8080/page1" "Mozilla/5.0 (X11; Linux x86_64; rv:60.0) Gecko/20100101 Firefox/60.0"
[2019-10-17T18:34:20.706] [ERROR] default - error... looking up symbol :  msft
[2019-10-17T18:34:20.936] [ERROR] access - Something went wrong: TypeError: /app/src/views/page2.pug:8
    6|   table
    7|       tr
  > 8|         td= widget.id
    9|         td
    10|           a(href='/widgets/'+widget.id) #{widget.name}
    11|         td= widget.desc

Cannot read property 'id' of undefined
    at eval (eval at wrap (/app/node_modules/pug-runtime/wrap.js:6:10), <anonymous>:122:64)
    at template (eval at wrap (/app/node_modules/pug-runtime/wrap.js:6:10), <anonymous>:136:204)
    at Object.exports.renderFile (/app/node_modules/pug/lib/index.js:427:38)
    at Object.exports.renderFile (/app/node_modules/pug/lib/index.js:417:21)
    at View.exports.__express [as engine] (/app/node_modules/pug/lib/index.js:464:11)
    at View.render (/app/node_modules/express/lib/view.js:135:8)
    at tryRender (/app/node_modules/express/lib/application.js:640:10)
    at Function.render (/app/node_modules/express/lib/application.js:592:3)
    at ServerResponse.render (/app/node_modules/express/lib/response.js:1008:7)
    at Request._callback (/app/src/routes/widgets.js:36:15) {
  path: '/app/src/views/page2.pug'
}
[2019-10-17T18:34:20.966] [ERROR] access - ::ffff:172.19.0.1 - - "POST /page2 HTTP/1.1" 500 749 "http://localhost:8080/page1" "Mozilla/5.0 (X11; Linux x86_64; rv:60.0) Gecko/20100101 Firefox/60.0"
[2019-10-17T18:34:36.982] [ERROR] default - error... looking up symbol :  MSFT
[2019-10-17T18:34:37.750] [ERROR] access - Something went wrong: TypeError: /app/src/views/page2.pug:8
    6|   table
    7|       tr
  > 8|         td= widget.id
    9|         td
    10|           a(href='/widgets/'+widget.id) #{widget.name}
    11|         td= widget.desc

Cannot read property 'id' of undefined
    at eval (eval at wrap (/app/node_modules/pug-runtime/wrap.js:6:10), <anonymous>:122:64)
    at template (eval at wrap (/app/node_modules/pug-runtime/wrap.js:6:10), <anonymous>:136:204)
    at Object.exports.renderFile (/app/node_modules/pug/lib/index.js:427:38)
    at Object.exports.renderFile (/app/node_modules/pug/lib/index.js:417:21)
    at View.exports.__express [as engine] (/app/node_modules/pug/lib/index.js:464:11)
    at View.render (/app/node_modules/express/lib/view.js:135:8)
    at tryRender (/app/node_modules/express/lib/application.js:640:10)
    at Function.render (/app/node_modules/express/lib/application.js:592:3)
    at ServerResponse.render (/app/node_modules/express/lib/response.js:1008:7)
    at Request._callback (/app/src/routes/widgets.js:36:15) {
  path: '/app/src/views/page2.pug'
}
[2019-10-17T18:34:37.771] [ERROR] access - ::ffff:172.19.0.1 - - "POST /page2 HTTP/1.1" 500 749 "http://localhost:8080/page1" "Mozilla/5.0 (X11; Linux x86_64; rv:60.0) Gecko/20100101 Firefox/60.0"
[2019-10-17T18:44:50.264] [ERROR] default - error... looking up symbol :  Bret
[2019-10-17T18:44:50.652] [ERROR] access - Something went wrong: TypeError: /app/src/views/page2.pug:8
    6|   table
    7|       tr
  > 8|         td= widget.id
    9|         td
    10|           a(href='/widgets/'+widget.id) #{widget.name}
    11|         td= widget.desc

Cannot read property 'id' of undefined
    at eval (eval at wrap (/app/node_modules/pug-runtime/wrap.js:6:10), <anonymous>:122:64)
    at template (eval at wrap (/app/node_modules/pug-runtime/wrap.js:6:10), <anonymous>:136:204)
    at Object.exports.renderFile (/app/node_modules/pug/lib/index.js:427:38)
    at Object.exports.renderFile (/app/node_modules/pug/lib/index.js:417:21)
    at View.exports.__express [as engine] (/app/node_modules/pug/lib/index.js:464:11)
    at View.render (/app/node_modules/express/lib/view.js:135:8)
    at tryRender (/app/node_modules/express/lib/application.js:640:10)
    at Function.render (/app/node_modules/express/lib/application.js:592:3)
    at ServerResponse.render (/app/node_modules/express/lib/response.js:1008:7)
    at Request._callback (/app/src/routes/widgets.js:32:15) {
  path: '/app/src/views/page2.pug'
}
[2019-10-17T18:44:50.693] [ERROR] access - ::ffff:172.19.0.1 - - "POST /page2 HTTP/1.1" 500 749 "http://localhost:8080/page1" "Mozilla/5.0 (X11; Linux x86_64; rv:60.0) Gecko/20100101 Firefox/60.0"
[2019-10-17T18:45:42.486] [ERROR] default - error... looking up symbol :  Bret
[2019-10-17T18:45:42.844] [ERROR] access - Something went wrong: TypeError: /app/src/views/page2.pug:8
    6|   table
    7|       tr
  > 8|         td= widget.id
    9|         td
    10|           a(href='/widgets/'+widget.id) #{widget.name}
    11|         td= widget.desc

Cannot read property 'id' of undefined
    at eval (eval at wrap (/app/node_modules/pug-runtime/wrap.js:6:10), <anonymous>:122:64)
    at template (eval at wrap (/app/node_modules/pug-runtime/wrap.js:6:10), <anonymous>:136:204)
    at Object.exports.renderFile (/app/node_modules/pug/lib/index.js:427:38)
    at Object.exports.renderFile (/app/node_modules/pug/lib/index.js:417:21)
    at View.exports.__express [as engine] (/app/node_modules/pug/lib/index.js:464:11)
    at View.render (/app/node_modules/express/lib/view.js:135:8)
    at tryRender (/app/node_modules/express/lib/application.js:640:10)
    at Function.render (/app/node_modules/express/lib/application.js:592:3)
    at ServerResponse.render (/app/node_modules/express/lib/response.js:1008:7)
    at Request._callback (/app/src/routes/widgets.js:32:15) {
  path: '/app/src/views/page2.pug'
}
[2019-10-17T18:45:42.874] [ERROR] access - ::ffff:172.19.0.1 - - "POST /page2 HTTP/1.1" 500 749 "http://localhost:8080/page1" "Mozilla/5.0 (X11; Linux x86_64; rv:60.0) Gecko/20100101 Firefox/60.0"
[2019-10-17T18:49:32.104] [ERROR] default - error... looking up symbol :  Bret
[2019-10-17T18:50:40.275] [ERROR] default - error... looking up symbol :  Bret
[2019-10-17T18:51:51.037] [ERROR] access - Something went wrong: TypeError: /app/src/views/page2.pug:8
    6|   table
    7|       tr
  > 8|         td= userdata.id
    9|         td
    10|           a(href='/widgets/'+userdata.id) #{userdata.username}
    11|         td= userdata.name

Cannot read property 'id' of undefined
    at eval (eval at wrap (/app/node_modules/pug-runtime/wrap.js:6:10), <anonymous>:122:66)
    at template (eval at wrap (/app/node_modules/pug-runtime/wrap.js:6:10), <anonymous>:136:207)
    at Object.exports.renderFile (/app/node_modules/pug/lib/index.js:427:38)
    at Object.exports.renderFile (/app/node_modules/pug/lib/index.js:417:21)
    at View.exports.__express [as engine] (/app/node_modules/pug/lib/index.js:464:11)
    at View.render (/app/node_modules/express/lib/view.js:135:8)
    at tryRender (/app/node_modules/express/lib/application.js:640:10)
    at Function.render (/app/node_modules/express/lib/application.js:592:3)
    at ServerResponse.render (/app/node_modules/express/lib/response.js:1008:7)
    at /app/src/routes/widgets.js:38:9 {
  path: '/app/src/views/page2.pug'
}
[2019-10-17T18:51:51.065] [ERROR] access - ::ffff:172.19.0.1 - - "GET /page2 HTTP/1.1" 500 761 "http://localhost:8080/page2" "Mozilla/5.0 (X11; Linux x86_64; rv:60.0) Gecko/20100101 Firefox/60.0"
[2019-10-17T18:51:53.977] [ERROR] default - error... looking up symbol :  Bret
[2019-10-17T18:53:58.272] [ERROR] default - error... looking up symbol :  Bret
[2019-10-17T18:55:21.224] [ERROR] default - error... looking up symbol :  Bret
[2019-10-17T18:56:09.180] [ERROR] default - error... looking up symbol :  Bret
[2019-10-17T18:56:18.399] [ERROR] access - Something went wrong: TypeError: /app/src/views/page2.pug:8
    6|   table
    7|       tr
  > 8|         td= userdata.id
    9|         td
    10|           a(href='/widgets/'+userdata.id) #{userdata.username}
    11|         td= userdata.name

Cannot read property 'id' of undefined
    at eval (eval at wrap (/app/node_modules/pug-runtime/wrap.js:6:10), <anonymous>:122:66)
    at template (eval at wrap (/app/node_modules/pug-runtime/wrap.js:6:10), <anonymous>:136:207)
    at Object.exports.renderFile (/app/node_modules/pug/lib/index.js:427:38)
    at Object.exports.renderFile (/app/node_modules/pug/lib/index.js:417:21)
    at View.exports.__express [as engine] (/app/node_modules/pug/lib/index.js:464:11)
    at View.render (/app/node_modules/express/lib/view.js:135:8)
    at tryRender (/app/node_modules/express/lib/application.js:640:10)
    at Function.render (/app/node_modules/express/lib/application.js:592:3)
    at ServerResponse.render (/app/node_modules/express/lib/response.js:1008:7)
    at /app/src/routes/widgets.js:50:11 {
  path: '/app/src/views/page2.pug'
}
[2019-10-17T18:56:18.418] [ERROR] access - ::ffff:172.19.0.1 - - "GET /widgets/1 HTTP/1.1" 500 761 "http://localhost:8080/page2" "Mozilla/5.0 (X11; Linux x86_64; rv:60.0) Gecko/20100101 Firefox/60.0"
[2019-10-17T19:12:40.805] [ERROR] access - Something went wrong: TypeError: /app/src/views/page2.pug:8
    6|   table
    7|       tr
  > 8|         td= userdata.id
    9|         td
    10|           a(href='/widgets/'+userdata.id) #{userdata.username}
    11|         td= userdata.name

Cannot read property 'id' of undefined
    at eval (eval at wrap (/app/node_modules/pug-runtime/wrap.js:6:10), <anonymous>:122:66)
    at template (eval at wrap (/app/node_modules/pug-runtime/wrap.js:6:10), <anonymous>:136:207)
    at Object.exports.renderFile (/app/node_modules/pug/lib/index.js:427:38)
    at Object.exports.renderFile (/app/node_modules/pug/lib/index.js:417:21)
    at View.exports.__express [as engine] (/app/node_modules/pug/lib/index.js:464:11)
    at View.render (/app/node_modules/express/lib/view.js:135:8)
    at tryRender (/app/node_modules/express/lib/application.js:640:10)
    at Function.render (/app/node_modules/express/lib/application.js:592:3)
    at ServerResponse.render (/app/node_modules/express/lib/response.js:1008:7)
    at /app/src/routes/widgets.js:38:9 {
  path: '/app/src/views/page2.pug'
}
[2019-10-17T19:12:40.828] [ERROR] access - ::ffff:172.19.0.1 - - "GET /page2 HTTP/1.1" 500 761 "http://localhost:8080/widgets/1" "Mozilla/5.0 (X11; Linux x86_64; rv:60.0) Gecko/20100101 Firefox/60.0"
